2025-04-27T23:45:11+0530 DEBUG DNF version: 4.14.0
2025-04-27T23:45:11+0530 DDEBUG Command: dnf makecache --timer 
2025-04-27T23:45:11+0530 DDEBUG Installroot: /
2025-04-27T23:45:11+0530 DDEBUG Releasever: 9
2025-04-27T23:45:11+0530 DEBUG cachedir: /var/cache/dnf
2025-04-27T23:45:11+0530 DDEBUG Base command: makecache
2025-04-27T23:45:11+0530 DDEBUG Extra commands: ['makecache', '--timer']
2025-04-27T23:45:11+0530 DEBUG Making cache files for all metadata files.
2025-04-27T23:45:11+0530 INFO Metadata timer caching disabled when running on metered connection.
2025-04-27T23:45:11+0530 DDEBUG Cleaning up.
2025-04-27T23:45:11+0530 DDEBUG Plugins were unloaded.
2025-04-28T00:10:53+0530 INFO --- logging initialized ---
2025-04-28T00:10:53+0530 DDEBUG timer: config: 9 ms
2025-04-28T00:10:53+0530 DEBUG Loaded plugins: builddep, changelog, config-manager, copr, debug, debuginfo-install, download, generate_completion_cache, groups-manager, kpatch, needs-restarting, notify-packagekit, playground, repoclosure, repodiff, repograph, repomanage, reposync, system-upgrade
2025-04-28T00:10:53+0530 DEBUG DNF version: 4.14.0
2025-04-28T00:10:53+0530 DDEBUG Command: dnf install iptables-services 
2025-04-28T00:10:53+0530 DDEBUG Installroot: /
2025-04-28T00:10:53+0530 DDEBUG Releasever: 9
2025-04-28T00:10:53+0530 DEBUG cachedir: /var/cache/dnf
2025-04-28T00:10:53+0530 DDEBUG Base command: install
2025-04-28T00:10:53+0530 DDEBUG Extra commands: ['install', 'iptables-services']
2025-04-28T00:10:53+0530 DEBUG User-Agent: constructed: 'libdnf (Rocky Linux 9.5; generic; Linux.x86_64)'
2025-04-28T00:10:54+0530 DEBUG repo: using cache for: epel
2025-04-28T00:10:55+0530 DEBUG epel: using metadata from Saturday 26 April 2025 06:03:20 AM.
2025-04-28T00:10:55+0530 DEBUG repo: using cache for: epel-cisco-openh264
2025-04-28T00:10:55+0530 DEBUG epel-cisco-openh264: using metadata from Monday 22 May 2023 09:49:21 PM.
2025-04-28T00:10:55+0530 DEBUG repo: using cache for: remi-modular
2025-04-28T00:10:55+0530 DEBUG remi-modular: using metadata from Thursday 24 April 2025 12:36:58 PM.
2025-04-28T00:10:55+0530 DEBUG repo: using cache for: remi-safe
2025-04-28T00:10:55+0530 DEBUG remi-safe: using metadata from Thursday 24 April 2025 12:36:00 PM.
2025-04-28T00:10:55+0530 DEBUG countme: no event for baseos: window already counted
2025-04-28T00:11:17+0530 DEBUG reviving: 'baseos' can be revived - repomd matches.
2025-04-28T00:11:17+0530 DEBUG baseos: using metadata from Friday 18 April 2025 02:19:55 AM.
2025-04-28T00:11:18+0530 DEBUG countme: no event for appstream: window already counted
2025-04-28T00:11:30+0530 DEBUG reviving: 'appstream' can be revived - repomd matches.
2025-04-28T00:11:30+0530 DEBUG appstream: using metadata from Wednesday 23 April 2025 10:46:54 PM.
2025-04-28T00:11:30+0530 DEBUG countme: no event for extras: window already counted
2025-04-28T00:11:42+0530 DEBUG reviving: 'extras' can be revived - repomd matches.
2025-04-28T00:11:42+0530 DEBUG extras: using metadata from Friday 28 March 2025 09:40:56 PM.
2025-04-28T00:11:42+0530 DEBUG repo: using cache for: warpdotdev
2025-04-28T00:11:42+0530 DEBUG warpdotdev: using metadata from Friday 25 April 2025 02:37:48 PM.
2025-04-28T00:11:42+0530 DDEBUG timer: sack setup: 49152 ms
2025-04-28T00:11:42+0530 DEBUG --> Starting dependency resolution
2025-04-28T00:11:42+0530 DEBUG ---> Package iptables-services.noarch 1.8.10-11.1.el9 will be installed
2025-04-28T00:11:42+0530 DEBUG --> Finished dependency resolution
2025-04-28T00:11:42+0530 DDEBUG timer: depsolve: 54 ms
2025-04-28T00:11:42+0530 INFO Dependencies resolved.
2025-04-28T00:11:42+0530 INFO ============================================================================================================================================================
 Package                                    Architecture                    Version                                     Repository                     Size
============================================================================================================================================================
Installing:
 [1m[32miptables-services                         (B[m noarch                          1.8.10-11.1.el9                             epel                           17 k

Transaction Summary
============================================================================================================================================================
Install  1 Package

2025-04-28T00:11:42+0530 INFO Total download size: 17 k
2025-04-28T00:11:42+0530 INFO Installed size: 27 k
2025-04-28T00:11:45+0530 INFO Downloading Packages:
2025-04-28T00:11:58+0530 INFO ------------------------------------------------------------------------------------------------------------------------------------------------------------
2025-04-28T00:11:58+0530 INFO Total                                                                                                                       1.3 kB/s |  17 kB     00:12     
2025-04-28T00:11:58+0530 DEBUG Using rpmkeys executable at /bin/rpmkeys to verify signatures
2025-04-28T00:11:58+0530 INFO Running transaction check
2025-04-28T00:11:58+0530 INFO Transaction check succeeded.
2025-04-28T00:11:58+0530 INFO Running transaction test
2025-04-28T00:11:58+0530 INFO Transaction test succeeded.
2025-04-28T00:11:58+0530 DDEBUG timer: transaction test: 17 ms
2025-04-28T00:11:58+0530 INFO Running transaction
2025-04-28T00:11:58+0530 DDEBUG RPM transaction start.
2025-04-28T00:12:01+0530 DDEBUG RPM transaction over.
2025-04-28T00:12:01+0530 DDEBUG timer: verify transaction: 590 ms
2025-04-28T00:12:01+0530 DDEBUG timer: transaction: 2768 ms
2025-04-28T00:12:01+0530 DEBUG Completion plugin: Generating completion cache...
2025-04-28T00:12:02+0530 DEBUG Installed: iptables-services-1.8.10-11.1.el9.noarch
2025-04-28T00:12:02+0530 INFO Complete!
2025-04-28T00:12:02+0530 DDEBUG Cleaning up.
2025-04-28T00:12:02+0530 DDEBUG /var/cache/dnf/epel-646ae5c8e4626178/packages/iptables-services-1.8.10-11.1.el9.noarch.rpm removed
2025-04-28T00:12:02+0530 DDEBUG Plugins were unloaded.
2025-04-28T00:47:40+0530 INFO --- logging initialized ---
2025-04-28T00:47:40+0530 DDEBUG timer: config: 9 ms
2025-04-28T00:47:40+0530 DEBUG Loaded plugins: builddep, changelog, config-manager, copr, debug, debuginfo-install, download, generate_completion_cache, groups-manager, kpatch, needs-restarting, notify-packagekit, playground, repoclosure, repodiff, repograph, repomanage, reposync, system-upgrade
2025-04-28T00:47:40+0530 DEBUG DNF version: 4.14.0
2025-04-28T00:47:40+0530 DDEBUG Command: dnf makecache --timer 
2025-04-28T00:47:40+0530 DDEBUG Installroot: /
2025-04-28T00:47:40+0530 DDEBUG Releasever: 9
2025-04-28T00:47:40+0530 DEBUG cachedir: /var/cache/dnf
2025-04-28T00:47:40+0530 DDEBUG Base command: makecache
2025-04-28T00:47:40+0530 DDEBUG Extra commands: ['makecache', '--timer']
2025-04-28T00:47:40+0530 DEBUG Making cache files for all metadata files.
2025-04-28T00:47:40+0530 INFO Metadata timer caching disabled when running on metered connection.
2025-04-28T00:47:40+0530 DDEBUG Cleaning up.
2025-04-28T00:47:40+0530 DDEBUG Plugins were unloaded.
2025-04-29T00:04:00+0530 INFO --- logging initialized ---
2025-04-29T00:04:00+0530 DDEBUG timer: config: 37 ms
2025-04-29T00:04:01+0530 DEBUG Loaded plugins: builddep, changelog, config-manager, copr, debug, debuginfo-install, download, generate_completion_cache, groups-manager, kpatch, needs-restarting, notify-packagekit, playground, repoclosure, repodiff, repograph, repomanage, reposync, system-upgrade
2025-04-29T00:04:01+0530 DEBUG DNF version: 4.14.0
2025-04-29T00:04:01+0530 DDEBUG Command: dnf makecache --timer 
2025-04-29T00:04:01+0530 DDEBUG Installroot: /
2025-04-29T00:04:01+0530 DDEBUG Releasever: 9
2025-04-29T00:04:01+0530 DEBUG cachedir: /var/cache/dnf
2025-04-29T00:04:01+0530 DDEBUG Base command: makecache
2025-04-29T00:04:01+0530 DDEBUG Extra commands: ['makecache', '--timer']
2025-04-29T00:04:01+0530 DEBUG Making cache files for all metadata files.
2025-04-29T00:04:01+0530 INFO Metadata timer caching disabled when running on metered connection.
2025-04-29T00:04:01+0530 DDEBUG Cleaning up.
2025-04-29T00:04:01+0530 DDEBUG Plugins were unloaded.
2025-04-29T00:36:29+0530 INFO --- logging initialized ---
2025-04-29T00:36:29+0530 DDEBUG timer: config: 15 ms
2025-04-29T00:36:29+0530 DEBUG Loaded plugins: builddep, changelog, config-manager, copr, debug, debuginfo-install, download, generate_completion_cache, groups-manager, kpatch, needs-restarting, notify-packagekit, playground, repoclosure, repodiff, repograph, repomanage, reposync, system-upgrade
2025-04-29T00:36:29+0530 DEBUG DNF version: 4.14.0
2025-04-29T00:36:29+0530 DDEBUG Command: dnf install podman 
2025-04-29T00:36:29+0530 DDEBUG Installroot: /
2025-04-29T00:36:29+0530 DDEBUG Releasever: 9
2025-04-29T00:36:29+0530 DEBUG cachedir: /var/cache/dnf
2025-04-29T00:36:29+0530 DDEBUG Base command: install
2025-04-29T00:36:29+0530 DDEBUG Extra commands: ['install', 'podman']
2025-04-29T00:36:29+0530 DEBUG User-Agent: constructed: 'libdnf (Rocky Linux 9.5; generic; Linux.x86_64)'
2025-04-29T00:36:30+0530 DEBUG countme: no event for epel: budget to spend: 3
2025-04-29T00:36:31+0530 DEBUG reviving: failed for 'epel', mismatched sha256 sum.
2025-04-29T00:36:31+0530 DEBUG repo: downloading from remote: epel
2025-04-29T00:36:31+0530 DEBUG countme: no event for epel: budget to spend: 2
2025-04-29T00:36:59+0530 DEBUG epel: using metadata from Sunday 27 April 2025 07:33:15 AM.
2025-04-29T00:36:59+0530 DEBUG repo: using cache for: epel-cisco-openh264
2025-04-29T00:36:59+0530 DEBUG epel-cisco-openh264: using metadata from Monday 22 May 2023 09:49:21 PM.
2025-04-29T00:37:22+0530 DEBUG error: Curl error (28): Timeout was reached for http://cdn.remirepo.net/enterprise/9/modular/x86_64/mirror [Failed to connect to cdn.remirepo.net port 80: Connection timed out] (http://cdn.remirepo.net/enterprise/9/modular/x86_64/mirror).
2025-04-29T00:37:45+0530 DEBUG error: Curl error (28): Timeout was reached for http://cdn.remirepo.net/enterprise/9/modular/x86_64/mirror [Failed to connect to cdn.remirepo.net port 80: Connection timed out] (http://cdn.remirepo.net/enterprise/9/modular/x86_64/mirror).
2025-04-29T00:38:07+0530 DEBUG error: Curl error (28): Timeout was reached for http://cdn.remirepo.net/enterprise/9/modular/x86_64/mirror [Failed to connect to cdn.remirepo.net port 80: Connection timed out] (http://cdn.remirepo.net/enterprise/9/modular/x86_64/mirror).
2025-04-29T00:38:17+0530 DEBUG error: Curl error (6): Couldn't resolve host name for http://cdn.remirepo.net/enterprise/9/modular/x86_64/mirror [Could not resolve host: cdn.remirepo.net] (http://cdn.remirepo.net/enterprise/9/modular/x86_64/mirror).
2025-04-29T00:42:39+0530 INFO --- logging initialized ---
2025-04-29T00:42:39+0530 DDEBUG timer: config: 17 ms
2025-04-29T00:42:39+0530 DEBUG Loaded plugins: builddep, changelog, config-manager, copr, debug, debuginfo-install, download, generate_completion_cache, groups-manager, kpatch, needs-restarting, notify-packagekit, playground, repoclosure, repodiff, repograph, repomanage, reposync, system-upgrade
2025-04-29T00:42:39+0530 DEBUG DNF version: 4.14.0
2025-04-29T00:42:39+0530 DDEBUG Command: dnf install podman 
2025-04-29T00:42:39+0530 DDEBUG Installroot: /
2025-04-29T00:42:39+0530 DDEBUG Releasever: 9
2025-04-29T00:42:39+0530 DEBUG cachedir: /var/cache/dnf
2025-04-29T00:42:39+0530 DDEBUG Base command: install
2025-04-29T00:42:39+0530 DDEBUG Extra commands: ['install', 'podman']
2025-04-29T00:42:39+0530 DEBUG User-Agent: constructed: 'libdnf (Rocky Linux 9.5; generic; Linux.x86_64)'
2025-04-29T00:42:40+0530 DEBUG repo: using cache for: epel
2025-04-29T00:42:42+0530 DEBUG epel: using metadata from Sunday 27 April 2025 07:33:15 AM.
2025-04-29T00:42:42+0530 DEBUG repo: using cache for: epel-cisco-openh264
2025-04-29T00:42:42+0530 DEBUG epel-cisco-openh264: using metadata from Monday 22 May 2023 09:49:21 PM.
2025-04-29T00:42:54+0530 DEBUG reviving: 'remi-modular' can be revived - repomd matches.
2025-04-29T00:42:54+0530 DEBUG remi-modular: using metadata from Thursday 24 April 2025 12:36:58 PM.
2025-04-29T00:43:06+0530 DEBUG reviving: 'remi-safe' can be revived - repomd matches.
2025-04-29T00:43:06+0530 DEBUG remi-safe: using metadata from Thursday 24 April 2025 12:36:00 PM.
2025-04-29T00:43:06+0530 DEBUG countme: no event for baseos: budget to spend: 3
2025-04-29T00:43:18+0530 DEBUG reviving: 'baseos' can be revived - repomd matches.
2025-04-29T00:43:18+0530 DEBUG baseos: using metadata from Friday 18 April 2025 02:19:55 AM.
2025-04-29T00:43:18+0530 DEBUG countme: no event for appstream: budget to spend: 1
2025-04-29T00:43:30+0530 DEBUG reviving: 'appstream' can be revived - repomd matches.
2025-04-29T00:43:30+0530 DEBUG appstream: using metadata from Wednesday 23 April 2025 10:46:54 PM.
2025-04-29T00:43:30+0530 DEBUG countme: no event for extras: budget to spend: 2
2025-04-29T00:43:42+0530 DEBUG reviving: 'extras' can be revived - repomd matches.
2025-04-29T00:43:42+0530 DEBUG extras: using metadata from Friday 28 March 2025 09:40:56 PM.
2025-04-29T00:43:48+0530 DEBUG reviving: failed for 'warpdotdev', mismatched repomd.
2025-04-29T00:43:48+0530 DEBUG repo: downloading from remote: warpdotdev
2025-04-29T00:44:04+0530 DEBUG warpdotdev: using metadata from Monday 28 April 2025 02:46:55 PM.
2025-04-29T00:44:06+0530 DDEBUG timer: sack setup: 87000 ms
2025-04-29T00:44:06+0530 DEBUG Completion plugin: Generating completion cache...
2025-04-29T00:44:07+0530 INFO Package podman-4:5.2.2-15.el9_5.x86_64 is already installed.
2025-04-29T00:44:07+0530 DEBUG --> Starting dependency resolution
2025-04-29T00:44:07+0530 DEBUG --> Finished dependency resolution
2025-04-29T00:44:07+0530 DDEBUG timer: depsolve: 73 ms
2025-04-29T00:44:07+0530 INFO Dependencies resolved.
2025-04-29T00:44:07+0530 INFO Nothing to do.
2025-04-29T00:44:07+0530 INFO Complete!
2025-04-29T00:44:07+0530 DDEBUG Cleaning up.
2025-04-29T00:44:07+0530 DDEBUG Plugins were unloaded.
2025-04-29T23:12:16+0530 INFO --- logging initialized ---
2025-04-29T23:12:16+0530 DDEBUG timer: config: 25 ms
2025-04-29T23:12:16+0530 DEBUG Loaded plugins: builddep, changelog, config-manager, copr, debug, debuginfo-install, download, generate_completion_cache, groups-manager, kpatch, needs-restarting, notify-packagekit, playground, repoclosure, repodiff, repograph, repomanage, reposync, system-upgrade
2025-04-29T23:12:16+0530 DEBUG DNF version: 4.14.0
2025-04-29T23:12:16+0530 DDEBUG Command: dnf makecache --timer 
2025-04-29T23:12:16+0530 DDEBUG Installroot: /
2025-04-29T23:12:16+0530 DDEBUG Releasever: 9
2025-04-29T23:12:16+0530 DEBUG cachedir: /var/cache/dnf
2025-04-29T23:12:16+0530 DDEBUG Base command: makecache
2025-04-29T23:12:16+0530 DDEBUG Extra commands: ['makecache', '--timer']
2025-04-29T23:12:16+0530 DEBUG Making cache files for all metadata files.
2025-04-29T23:12:16+0530 INFO Metadata timer caching disabled when running on metered connection.
2025-04-29T23:12:16+0530 DDEBUG Cleaning up.
2025-04-29T23:12:16+0530 DDEBUG Plugins were unloaded.
2025-04-29T23:42:30+0530 INFO --- logging initialized ---
2025-04-29T23:42:30+0530 DDEBUG timer: config: 8 ms
2025-04-29T23:42:30+0530 DEBUG Loaded plugins: builddep, changelog, config-manager, copr, debug, debuginfo-install, download, generate_completion_cache, groups-manager, kpatch, needs-restarting, notify-packagekit, playground, repoclosure, repodiff, repograph, repomanage, reposync, system-upgrade
2025-04-29T23:42:30+0530 DEBUG DNF version: 4.14.0
2025-04-29T23:42:30+0530 DDEBUG Command: dnf remove htop 
2025-04-29T23:42:30+0530 DDEBUG Installroot: /
2025-04-29T23:42:30+0530 DDEBUG Releasever: 9
2025-04-29T23:42:30+0530 DEBUG cachedir: /var/cache/dnf
2025-04-29T23:42:30+0530 DDEBUG Base command: remove
2025-04-29T23:42:30+0530 DDEBUG Extra commands: ['remove', 'htop']
2025-04-29T23:42:30+0530 DEBUG User-Agent: constructed: 'libdnf (Rocky Linux 9.5; generic; Linux.x86_64)'
2025-04-29T23:42:31+0530 DDEBUG timer: sack setup: 760 ms
2025-04-29T23:42:31+0530 DEBUG --> Starting dependency resolution
2025-04-29T23:42:31+0530 DEBUG --> Finding unneeded leftover dependencies
2025-04-29T23:42:31+0530 DEBUG ---> Package htop.x86_64 3.3.0-1.el9 will be erased
2025-04-29T23:42:31+0530 DEBUG ---> Package hwloc-libs.x86_64 2.4.1-5.el9 will be erased
2025-04-29T23:42:31+0530 DEBUG --> Finished dependency resolution
2025-04-29T23:42:31+0530 DDEBUG timer: depsolve: 155 ms
2025-04-29T23:42:31+0530 INFO Dependencies resolved.
2025-04-29T23:42:31+0530 INFO ============================================================================================================================================================
 Package                               Architecture                      Version                                   Repository                          Size
============================================================================================================================================================
Removing:
 [31mhtop                                 (B[m x86_64                            3.3.0-1.el9                               @epel                              476 k
Removing unused dependencies:
 [31mhwloc-libs                           (B[m x86_64                            2.4.1-5.el9                               @baseos                            3.0 M

Transaction Summary
============================================================================================================================================================
Remove  2 Packages

2025-04-29T23:42:31+0530 INFO Freed space: 3.5 M
2025-04-29T23:42:34+0530 INFO Running transaction check
2025-04-29T23:42:34+0530 INFO Transaction check succeeded.
2025-04-29T23:42:34+0530 INFO Running transaction test
2025-04-29T23:42:35+0530 INFO Transaction test succeeded.
2025-04-29T23:42:35+0530 DDEBUG timer: transaction test: 1003 ms
2025-04-29T23:42:35+0530 INFO Running transaction
2025-04-29T23:42:35+0530 DDEBUG RPM transaction start.
2025-04-29T23:42:37+0530 DDEBUG RPM transaction over.
2025-04-29T23:42:38+0530 DDEBUG timer: verify transaction: 1037 ms
2025-04-29T23:42:38+0530 DDEBUG timer: transaction: 2918 ms
2025-04-29T23:42:38+0530 DEBUG Completion plugin: Generating completion cache...
2025-04-29T23:42:39+0530 DEBUG Removed: htop-3.3.0-1.el9.x86_64
2025-04-29T23:42:39+0530 DEBUG Removed: hwloc-libs-2.4.1-5.el9.x86_64
2025-04-29T23:42:40+0530 INFO Complete!
2025-04-29T23:42:40+0530 DDEBUG Cleaning up.
2025-04-29T23:42:40+0530 DDEBUG Plugins were unloaded.
2025-04-29T23:43:00+0530 INFO --- logging initialized ---
2025-04-29T23:43:00+0530 DDEBUG timer: config: 13 ms
2025-04-29T23:43:00+0530 DEBUG Loaded plugins: builddep, changelog, config-manager, copr, debug, debuginfo-install, download, generate_completion_cache, groups-manager, kpatch, needs-restarting, notify-packagekit, playground, repoclosure, repodiff, repograph, repomanage, reposync, system-upgrade
2025-04-29T23:43:00+0530 DEBUG DNF version: 4.14.0
2025-04-29T23:43:00+0530 DDEBUG Command: dnf install htop 
2025-04-29T23:43:00+0530 DDEBUG Installroot: /
2025-04-29T23:43:00+0530 DDEBUG Releasever: 9
2025-04-29T23:43:00+0530 DEBUG cachedir: /var/cache/dnf
2025-04-29T23:43:00+0530 DDEBUG Base command: install
2025-04-29T23:43:00+0530 DDEBUG Extra commands: ['install', 'htop']
2025-04-29T23:43:00+0530 DEBUG User-Agent: constructed: 'libdnf (Rocky Linux 9.5; generic; Linux.x86_64)'
2025-04-29T23:43:01+0530 DEBUG repo: using cache for: epel
2025-04-29T23:43:02+0530 DEBUG epel: using metadata from Sunday 27 April 2025 07:33:15 AM.
2025-04-29T23:43:02+0530 DEBUG repo: using cache for: epel-cisco-openh264
2025-04-29T23:43:02+0530 DEBUG epel-cisco-openh264: using metadata from Monday 22 May 2023 09:49:21 PM.
2025-04-29T23:43:02+0530 DEBUG repo: using cache for: remi-modular
2025-04-29T23:43:02+0530 DEBUG remi-modular: using metadata from Thursday 24 April 2025 12:36:58 PM.
2025-04-29T23:43:02+0530 DEBUG repo: using cache for: remi-safe
2025-04-29T23:43:02+0530 DEBUG remi-safe: using metadata from Thursday 24 April 2025 12:36:00 PM.
2025-04-29T23:43:02+0530 DEBUG countme: no event for baseos: budget to spend: 2
2025-04-29T23:43:04+0530 DEBUG reviving: failed for 'baseos', mismatched repomd.
2025-04-29T23:43:04+0530 DEBUG repo: downloading from remote: baseos
2025-04-29T23:43:04+0530 DEBUG countme: no event for baseos: budget to spend: 1
2025-04-29T23:43:07+0530 DEBUG baseos: using metadata from Monday 28 April 2025 11:25:29 PM.
2025-04-29T23:43:07+0530 DEBUG countme: event triggered for appstream: bucket 4
2025-04-29T23:43:08+0530 DEBUG reviving: failed for 'appstream', mismatched repomd.
2025-04-29T23:43:08+0530 DEBUG repo: downloading from remote: appstream
2025-04-29T23:43:08+0530 DEBUG countme: no event for appstream: window already counted
2025-04-29T23:43:14+0530 DEBUG appstream: using metadata from Tuesday 29 April 2025 10:55:24 AM.
2025-04-29T23:43:14+0530 DEBUG countme: no event for extras: budget to spend: 1
2025-04-29T23:43:15+0530 DEBUG reviving: 'extras' can be revived - repomd matches.
2025-04-29T23:43:15+0530 DEBUG extras: using metadata from Friday 28 March 2025 09:40:56 PM.
2025-04-29T23:43:15+0530 DEBUG repo: using cache for: warpdotdev
2025-04-29T23:43:15+0530 DEBUG warpdotdev: using metadata from Monday 28 April 2025 02:46:55 PM.
2025-04-29T23:43:16+0530 DDEBUG timer: sack setup: 15494 ms
2025-04-29T23:43:16+0530 DEBUG Completion plugin: Generating completion cache...
2025-04-29T23:43:17+0530 DEBUG --> Starting dependency resolution
2025-04-29T23:43:17+0530 DEBUG ---> Package htop.x86_64 3.3.0-1.el9 will be installed
2025-04-29T23:43:17+0530 DEBUG ---> Package hwloc-libs.x86_64 2.4.1-5.el9 will be installed
2025-04-29T23:43:17+0530 DEBUG --> Finished dependency resolution
2025-04-29T23:43:17+0530 DDEBUG timer: depsolve: 52 ms
2025-04-29T23:43:17+0530 INFO Dependencies resolved.
2025-04-29T23:43:17+0530 INFO ============================================================================================================================================================
 Package                                Architecture                       Version                                 Repository                          Size
============================================================================================================================================================
Installing:
 [1m[32mhtop                                  (B[m x86_64                             3.3.0-1.el9                             epel                               198 k
Installing dependencies:
 [1m[32mhwloc-libs                            (B[m x86_64                             2.4.1-5.el9                             baseos                             2.1 M

Transaction Summary
============================================================================================================================================================
Install  2 Packages

2025-04-29T23:43:17+0530 INFO Total download size: 2.3 M
2025-04-29T23:43:17+0530 INFO Installed size: 3.5 M
2025-04-29T23:43:22+0530 INFO Downloading Packages:
2025-04-29T23:43:24+0530 INFO ------------------------------------------------------------------------------------------------------------------------------------------------------------
2025-04-29T23:43:24+0530 INFO Total                                                                                                                       900 kB/s | 2.3 MB     00:02     
2025-04-29T23:43:24+0530 DEBUG Using rpmkeys executable at /bin/rpmkeys to verify signatures
2025-04-29T23:43:24+0530 INFO Running transaction check
2025-04-29T23:43:24+0530 INFO Transaction check succeeded.
2025-04-29T23:43:24+0530 INFO Running transaction test
2025-04-29T23:43:25+0530 INFO Transaction test succeeded.
2025-04-29T23:43:25+0530 DDEBUG timer: transaction test: 317 ms
2025-04-29T23:43:25+0530 INFO Running transaction
2025-04-29T23:43:25+0530 DDEBUG RPM transaction start.
2025-04-29T23:43:27+0530 DDEBUG RPM transaction over.
2025-04-29T23:43:28+0530 DDEBUG timer: verify transaction: 1510 ms
2025-04-29T23:43:28+0530 DDEBUG timer: transaction: 3612 ms
2025-04-29T23:43:28+0530 DEBUG Completion plugin: Generating completion cache...
2025-04-29T23:43:29+0530 DEBUG Installed: htop-3.3.0-1.el9.x86_64
2025-04-29T23:43:29+0530 DEBUG Installed: hwloc-libs-2.4.1-5.el9.x86_64
2025-04-29T23:43:30+0530 INFO Complete!
2025-04-29T23:43:30+0530 DDEBUG Cleaning up.
2025-04-29T23:43:30+0530 DDEBUG /var/cache/dnf/epel-646ae5c8e4626178/packages/htop-3.3.0-1.el9.x86_64.rpm removed
2025-04-29T23:43:30+0530 DDEBUG /var/cache/dnf/baseos-522ed8e2b2f761ff/packages/hwloc-libs-2.4.1-5.el9.x86_64.rpm removed
2025-04-29T23:43:30+0530 DDEBUG Plugins were unloaded.
2025-04-29T23:45:01+0530 INFO --- logging initialized ---
2025-04-29T23:45:01+0530 DDEBUG timer: config: 6 ms
2025-04-29T23:45:01+0530 DEBUG Loaded plugins: builddep, changelog, config-manager, copr, debug, debuginfo-install, download, generate_completion_cache, groups-manager, kpatch, needs-restarting, notify-packagekit, playground, repoclosure, repodiff, repograph, repomanage, reposync, system-upgrade
2025-04-29T23:45:01+0530 DEBUG DNF version: 4.14.0
2025-04-29T23:45:01+0530 DDEBUG Command: dnf install -y notexist 
2025-04-29T23:45:01+0530 DDEBUG Installroot: /
2025-04-29T23:45:01+0530 DDEBUG Releasever: 9
2025-04-29T23:45:01+0530 DEBUG cachedir: /var/cache/dnf
2025-04-29T23:45:01+0530 DDEBUG Base command: install
2025-04-29T23:45:01+0530 DDEBUG Extra commands: ['install', '-y', 'notexist']
2025-04-29T23:45:01+0530 DEBUG User-Agent: constructed: 'libdnf (Rocky Linux 9.5; generic; Linux.x86_64)'
2025-04-29T23:45:01+0530 DEBUG repo: using cache for: epel
2025-04-29T23:45:01+0530 DEBUG epel: using metadata from Sunday 27 April 2025 07:33:15 AM.
2025-04-29T23:45:01+0530 DEBUG repo: using cache for: epel-cisco-openh264
2025-04-29T23:45:01+0530 DEBUG epel-cisco-openh264: using metadata from Monday 22 May 2023 09:49:21 PM.
2025-04-29T23:45:01+0530 DEBUG repo: using cache for: remi-modular
2025-04-29T23:45:01+0530 DEBUG remi-modular: using metadata from Thursday 24 April 2025 12:36:58 PM.
2025-04-29T23:45:01+0530 DEBUG repo: using cache for: remi-safe
2025-04-29T23:45:01+0530 DEBUG remi-safe: using metadata from Thursday 24 April 2025 12:36:00 PM.
2025-04-29T23:45:01+0530 DEBUG repo: using cache for: baseos
2025-04-29T23:45:01+0530 DEBUG baseos: using metadata from Monday 28 April 2025 11:25:29 PM.
2025-04-29T23:45:01+0530 DEBUG repo: using cache for: appstream
2025-04-29T23:45:02+0530 DEBUG appstream: using metadata from Tuesday 29 April 2025 10:55:24 AM.
2025-04-29T23:45:02+0530 DEBUG repo: using cache for: extras
2025-04-29T23:45:02+0530 DEBUG extras: using metadata from Friday 28 March 2025 09:40:56 PM.
2025-04-29T23:45:02+0530 DEBUG repo: using cache for: warpdotdev
2025-04-29T23:45:02+0530 DEBUG warpdotdev: using metadata from Monday 28 April 2025 02:46:55 PM.
2025-04-29T23:45:02+0530 INFO Last metadata expiration check: 0:01:47 ago on Tuesday 29 April 2025 11:43:15 PM.
2025-04-29T23:45:02+0530 DDEBUG timer: sack setup: 1016 ms
2025-04-29T23:45:02+0530 INFO No match for argument: [1mnotexist(B[m
2025-04-29T23:45:02+0530 DDEBUG Cleaning up.
2025-04-29T23:45:02+0530 DDEBUG Plugins were unloaded.
2025-04-29T23:45:02+0530 SUBDEBUG 
Traceback (most recent call last):
  File "/usr/lib/python3.9/site-packages/dnf/cli/main.py", line 67, in main
    return _main(base, args, cli_class, option_parser_class)
  File "/usr/lib/python3.9/site-packages/dnf/cli/main.py", line 106, in _main
    return cli_run(cli, base)
  File "/usr/lib/python3.9/site-packages/dnf/cli/main.py", line 122, in cli_run
    cli.run()
  File "/usr/lib/python3.9/site-packages/dnf/cli/cli.py", line 1057, in run
    return self.command.run()
  File "/usr/lib/python3.9/site-packages/dnf/cli/commands/install.py", line 118, in run
    raise dnf.exceptions.PackagesNotAvailableError(_("Unable to find a match"),
dnf.exceptions.PackagesNotAvailableError: Unable to find a match: notexist
2025-04-29T23:45:02+0530 CRITICAL Error: Unable to find a match: notexist
2025-04-29T23:48:23+0530 INFO --- logging initialized ---
2025-04-29T23:48:23+0530 DDEBUG timer: config: 7 ms
2025-04-29T23:48:23+0530 DEBUG Loaded plugins: builddep, changelog, config-manager, copr, debug, debuginfo-install, download, generate_completion_cache, groups-manager, kpatch, needs-restarting, notify-packagekit, playground, repoclosure, repodiff, repograph, repomanage, reposync, system-upgrade
2025-04-29T23:48:23+0530 DEBUG DNF version: 4.14.0
2025-04-29T23:48:23+0530 DDEBUG Command: dnf remove htop 
2025-04-29T23:48:23+0530 DDEBUG Installroot: /
2025-04-29T23:48:23+0530 DDEBUG Releasever: 9
2025-04-29T23:48:23+0530 DEBUG cachedir: /var/cache/dnf
2025-04-29T23:48:23+0530 DDEBUG Base command: remove
2025-04-29T23:48:23+0530 DDEBUG Extra commands: ['remove', 'htop']
2025-04-29T23:48:23+0530 DEBUG User-Agent: constructed: 'libdnf (Rocky Linux 9.5; generic; Linux.x86_64)'
2025-04-29T23:48:23+0530 DDEBUG timer: sack setup: 490 ms
2025-04-29T23:48:23+0530 DEBUG --> Starting dependency resolution
2025-04-29T23:48:23+0530 DEBUG --> Finding unneeded leftover dependencies
2025-04-29T23:48:23+0530 DEBUG ---> Package htop.x86_64 3.3.0-1.el9 will be erased
2025-04-29T23:48:23+0530 DEBUG ---> Package hwloc-libs.x86_64 2.4.1-5.el9 will be erased
2025-04-29T23:48:23+0530 DEBUG --> Finished dependency resolution
2025-04-29T23:48:23+0530 DDEBUG timer: depsolve: 101 ms
2025-04-29T23:48:23+0530 INFO Dependencies resolved.
2025-04-29T23:48:23+0530 INFO ============================================================================================================================================================
 Package                               Architecture                      Version                                   Repository                          Size
============================================================================================================================================================
Removing:
 [31mhtop                                 (B[m x86_64                            3.3.0-1.el9                               @epel                              476 k
Removing unused dependencies:
 [31mhwloc-libs                           (B[m x86_64                            2.4.1-5.el9                               @baseos                            3.0 M

Transaction Summary
============================================================================================================================================================
Remove  2 Packages

2025-04-29T23:48:24+0530 INFO Freed space: 3.5 M
2025-04-29T23:48:26+0530 INFO Running transaction check
2025-04-29T23:48:26+0530 INFO Transaction check succeeded.
2025-04-29T23:48:26+0530 INFO Running transaction test
2025-04-29T23:48:26+0530 INFO Transaction test succeeded.
2025-04-29T23:48:26+0530 DDEBUG timer: transaction test: 118 ms
2025-04-29T23:48:26+0530 INFO Running transaction
2025-04-29T23:48:26+0530 DDEBUG RPM transaction start.
2025-04-29T23:48:27+0530 DDEBUG RPM transaction over.
2025-04-29T23:48:28+0530 DDEBUG timer: verify transaction: 932 ms
2025-04-29T23:48:28+0530 DDEBUG timer: transaction: 1889 ms
2025-04-29T23:48:28+0530 DEBUG Completion plugin: Generating completion cache...
2025-04-29T23:48:29+0530 DEBUG Removed: htop-3.3.0-1.el9.x86_64
2025-04-29T23:48:29+0530 DEBUG Removed: hwloc-libs-2.4.1-5.el9.x86_64
2025-04-29T23:48:29+0530 INFO Complete!
2025-04-29T23:48:29+0530 DDEBUG Cleaning up.
2025-04-29T23:48:29+0530 DDEBUG Plugins were unloaded.
2025-04-29T23:48:36+0530 INFO --- logging initialized ---
2025-04-29T23:48:36+0530 DDEBUG timer: config: 8 ms
2025-04-29T23:48:36+0530 DEBUG Loaded plugins: builddep, changelog, config-manager, copr, debug, debuginfo-install, download, generate_completion_cache, groups-manager, kpatch, needs-restarting, notify-packagekit, playground, repoclosure, repodiff, repograph, repomanage, reposync, system-upgrade
2025-04-29T23:48:36+0530 DEBUG DNF version: 4.14.0
2025-04-29T23:48:36+0530 DDEBUG Command: dnf install -y htop 
2025-04-29T23:48:36+0530 DDEBUG Installroot: /
2025-04-29T23:48:36+0530 DDEBUG Releasever: 9
2025-04-29T23:48:36+0530 DEBUG cachedir: /var/cache/dnf
2025-04-29T23:48:36+0530 DDEBUG Base command: install
2025-04-29T23:48:36+0530 DDEBUG Extra commands: ['install', '-y', 'htop']
2025-04-29T23:48:36+0530 DEBUG User-Agent: constructed: 'libdnf (Rocky Linux 9.5; generic; Linux.x86_64)'
2025-04-29T23:48:37+0530 DEBUG repo: using cache for: epel
2025-04-29T23:48:37+0530 DEBUG epel: using metadata from Sunday 27 April 2025 07:33:15 AM.
2025-04-29T23:48:37+0530 DEBUG repo: using cache for: epel-cisco-openh264
2025-04-29T23:48:37+0530 DEBUG epel-cisco-openh264: using metadata from Monday 22 May 2023 09:49:21 PM.
2025-04-29T23:48:37+0530 DEBUG repo: using cache for: remi-modular
2025-04-29T23:48:37+0530 DEBUG remi-modular: using metadata from Thursday 24 April 2025 12:36:58 PM.
2025-04-29T23:48:37+0530 DEBUG repo: using cache for: remi-safe
2025-04-29T23:48:37+0530 DEBUG remi-safe: using metadata from Thursday 24 April 2025 12:36:00 PM.
2025-04-29T23:48:37+0530 DEBUG repo: using cache for: baseos
2025-04-29T23:48:37+0530 DEBUG baseos: using metadata from Monday 28 April 2025 11:25:29 PM.
2025-04-29T23:48:37+0530 DEBUG repo: using cache for: appstream
2025-04-29T23:48:37+0530 DEBUG appstream: using metadata from Tuesday 29 April 2025 10:55:24 AM.
2025-04-29T23:48:37+0530 DEBUG repo: using cache for: extras
2025-04-29T23:48:37+0530 DEBUG extras: using metadata from Friday 28 March 2025 09:40:56 PM.
2025-04-29T23:48:37+0530 DEBUG repo: using cache for: warpdotdev
2025-04-29T23:48:37+0530 DEBUG warpdotdev: using metadata from Monday 28 April 2025 02:46:55 PM.
2025-04-29T23:48:37+0530 INFO Last metadata expiration check: 0:05:22 ago on Tuesday 29 April 2025 11:43:15 PM.
2025-04-29T23:48:37+0530 DDEBUG timer: sack setup: 1214 ms
2025-04-29T23:48:37+0530 DEBUG --> Starting dependency resolution
2025-04-29T23:48:37+0530 DEBUG ---> Package htop.x86_64 3.3.0-1.el9 will be installed
2025-04-29T23:48:37+0530 DEBUG ---> Package hwloc-libs.x86_64 2.4.1-5.el9 will be installed
2025-04-29T23:48:37+0530 DEBUG --> Finished dependency resolution
2025-04-29T23:48:37+0530 DDEBUG timer: depsolve: 71 ms
2025-04-29T23:48:37+0530 INFO Dependencies resolved.
2025-04-29T23:48:37+0530 INFO ============================================================================================================================================================
 Package                                Architecture                       Version                                 Repository                          Size
============================================================================================================================================================
Installing:
 [1m[32mhtop                                  (B[m x86_64                             3.3.0-1.el9                             epel                               198 k
Installing dependencies:
 [1m[32mhwloc-libs                            (B[m x86_64                             2.4.1-5.el9                             baseos                             2.1 M

Transaction Summary
============================================================================================================================================================
Install  2 Packages

2025-04-29T23:48:37+0530 INFO Total download size: 2.3 M
2025-04-29T23:48:37+0530 INFO Installed size: 3.5 M
2025-04-29T23:48:37+0530 INFO Downloading Packages:
2025-04-29T23:48:41+0530 INFO ------------------------------------------------------------------------------------------------------------------------------------------------------------
2025-04-29T23:48:41+0530 INFO Total                                                                                                                       741 kB/s | 2.3 MB     00:03     
2025-04-29T23:48:41+0530 DEBUG Using rpmkeys executable at /bin/rpmkeys to verify signatures
2025-04-29T23:48:41+0530 INFO Running transaction check
2025-04-29T23:48:41+0530 INFO Transaction check succeeded.
2025-04-29T23:48:41+0530 INFO Running transaction test
2025-04-29T23:48:41+0530 INFO Transaction test succeeded.
2025-04-29T23:48:41+0530 DDEBUG timer: transaction test: 270 ms
2025-04-29T23:48:41+0530 INFO Running transaction
2025-04-29T23:48:41+0530 DDEBUG RPM transaction start.
2025-04-29T23:48:43+0530 DDEBUG RPM transaction over.
2025-04-29T23:48:44+0530 DDEBUG timer: verify transaction: 1122 ms
2025-04-29T23:48:44+0530 DDEBUG timer: transaction: 2668 ms
2025-04-29T23:48:44+0530 DEBUG Completion plugin: Generating completion cache...
2025-04-29T23:48:45+0530 DEBUG Installed: htop-3.3.0-1.el9.x86_64
2025-04-29T23:48:45+0530 DEBUG Installed: hwloc-libs-2.4.1-5.el9.x86_64
2025-04-29T23:48:45+0530 INFO Complete!
2025-04-29T23:48:45+0530 DDEBUG Cleaning up.
2025-04-29T23:48:45+0530 DDEBUG /var/cache/dnf/epel-646ae5c8e4626178/packages/htop-3.3.0-1.el9.x86_64.rpm removed
2025-04-29T23:48:45+0530 DDEBUG /var/cache/dnf/baseos-522ed8e2b2f761ff/packages/hwloc-libs-2.4.1-5.el9.x86_64.rpm removed
2025-04-29T23:48:45+0530 DDEBUG Plugins were unloaded.
2025-04-29T23:52:37+0530 INFO --- logging initialized ---
2025-04-29T23:52:37+0530 DDEBUG timer: config: 11 ms
2025-04-29T23:52:37+0530 DEBUG Loaded plugins: builddep, changelog, config-manager, copr, debug, debuginfo-install, download, generate_completion_cache, groups-manager, kpatch, needs-restarting, notify-packagekit, playground, repoclosure, repodiff, repograph, repomanage, reposync, system-upgrade
2025-04-29T23:52:37+0530 DEBUG DNF version: 4.14.0
2025-04-29T23:52:37+0530 DDEBUG Command: dnf remove htop 
2025-04-29T23:52:37+0530 DDEBUG Installroot: /
2025-04-29T23:52:37+0530 DDEBUG Releasever: 9
2025-04-29T23:52:37+0530 DEBUG cachedir: /var/cache/dnf
2025-04-29T23:52:37+0530 DDEBUG Base command: remove
2025-04-29T23:52:37+0530 DDEBUG Extra commands: ['remove', 'htop']
2025-04-29T23:52:37+0530 DEBUG User-Agent: constructed: 'libdnf (Rocky Linux 9.5; generic; Linux.x86_64)'
2025-04-29T23:52:37+0530 DDEBUG timer: sack setup: 512 ms
2025-04-29T23:52:37+0530 DEBUG --> Starting dependency resolution
2025-04-29T23:52:37+0530 DEBUG --> Finding unneeded leftover dependencies
2025-04-29T23:52:38+0530 DEBUG ---> Package htop.x86_64 3.3.0-1.el9 will be erased
2025-04-29T23:52:38+0530 DEBUG ---> Package hwloc-libs.x86_64 2.4.1-5.el9 will be erased
2025-04-29T23:52:38+0530 DEBUG --> Finished dependency resolution
2025-04-29T23:52:38+0530 DDEBUG timer: depsolve: 104 ms
2025-04-29T23:52:38+0530 INFO Dependencies resolved.
2025-04-29T23:52:38+0530 INFO ============================================================================================================================================================
 Package                               Architecture                      Version                                   Repository                          Size
============================================================================================================================================================
Removing:
 [31mhtop                                 (B[m x86_64                            3.3.0-1.el9                               @epel                              476 k
Removing unused dependencies:
 [31mhwloc-libs                           (B[m x86_64                            2.4.1-5.el9                               @baseos                            3.0 M

Transaction Summary
============================================================================================================================================================
Remove  2 Packages

2025-04-29T23:52:38+0530 INFO Freed space: 3.5 M
2025-04-29T23:52:39+0530 INFO Running transaction check
2025-04-29T23:52:39+0530 INFO Transaction check succeeded.
2025-04-29T23:52:39+0530 INFO Running transaction test
2025-04-29T23:52:39+0530 INFO Transaction test succeeded.
2025-04-29T23:52:39+0530 DDEBUG timer: transaction test: 114 ms
2025-04-29T23:52:39+0530 INFO Running transaction
2025-04-29T23:52:39+0530 DDEBUG RPM transaction start.
2025-04-29T23:52:40+0530 DDEBUG RPM transaction over.
2025-04-29T23:52:41+0530 DDEBUG timer: verify transaction: 888 ms
2025-04-29T23:52:41+0530 DDEBUG timer: transaction: 1826 ms
2025-04-29T23:52:41+0530 DEBUG Completion plugin: Generating completion cache...
2025-04-29T23:52:42+0530 DEBUG Removed: htop-3.3.0-1.el9.x86_64
2025-04-29T23:52:42+0530 DEBUG Removed: hwloc-libs-2.4.1-5.el9.x86_64
2025-04-29T23:52:42+0530 INFO Complete!
2025-04-29T23:52:42+0530 DDEBUG Cleaning up.
2025-04-29T23:52:42+0530 DDEBUG Plugins were unloaded.
2025-04-29T23:52:50+0530 INFO --- logging initialized ---
2025-04-29T23:52:50+0530 DDEBUG timer: config: 10 ms
2025-04-29T23:52:50+0530 DEBUG Loaded plugins: builddep, changelog, config-manager, copr, debug, debuginfo-install, download, generate_completion_cache, groups-manager, kpatch, needs-restarting, notify-packagekit, playground, repoclosure, repodiff, repograph, repomanage, reposync, system-upgrade
2025-04-29T23:52:50+0530 DEBUG DNF version: 4.14.0
2025-04-29T23:52:50+0530 DDEBUG Command: dnf install -y htop 
2025-04-29T23:52:50+0530 DDEBUG Installroot: /
2025-04-29T23:52:50+0530 DDEBUG Releasever: 9
2025-04-29T23:52:50+0530 DEBUG cachedir: /var/cache/dnf
2025-04-29T23:52:50+0530 DDEBUG Base command: install
2025-04-29T23:52:50+0530 DDEBUG Extra commands: ['install', '-y', 'htop']
2025-04-29T23:52:51+0530 DEBUG User-Agent: constructed: 'libdnf (Rocky Linux 9.5; generic; Linux.x86_64)'
2025-04-29T23:52:51+0530 DEBUG repo: using cache for: epel
2025-04-29T23:52:51+0530 DEBUG epel: using metadata from Sunday 27 April 2025 07:33:15 AM.
2025-04-29T23:52:51+0530 DEBUG repo: using cache for: epel-cisco-openh264
2025-04-29T23:52:51+0530 DEBUG epel-cisco-openh264: using metadata from Monday 22 May 2023 09:49:21 PM.
2025-04-29T23:52:51+0530 DEBUG repo: using cache for: remi-modular
2025-04-29T23:52:51+0530 DEBUG remi-modular: using metadata from Thursday 24 April 2025 12:36:58 PM.
2025-04-29T23:52:51+0530 DEBUG repo: using cache for: remi-safe
2025-04-29T23:52:52+0530 DEBUG remi-safe: using metadata from Thursday 24 April 2025 12:36:00 PM.
2025-04-29T23:52:52+0530 DEBUG repo: using cache for: baseos
2025-04-29T23:52:52+0530 DEBUG baseos: using metadata from Monday 28 April 2025 11:25:29 PM.
2025-04-29T23:52:52+0530 DEBUG repo: using cache for: appstream
2025-04-29T23:52:52+0530 DEBUG appstream: using metadata from Tuesday 29 April 2025 10:55:24 AM.
2025-04-29T23:52:52+0530 DEBUG repo: using cache for: extras
2025-04-29T23:52:52+0530 DEBUG extras: using metadata from Friday 28 March 2025 09:40:56 PM.
2025-04-29T23:52:52+0530 DEBUG repo: using cache for: warpdotdev
2025-04-29T23:52:52+0530 DEBUG warpdotdev: using metadata from Monday 28 April 2025 02:46:55 PM.
2025-04-29T23:52:52+0530 INFO Last metadata expiration check: 0:09:37 ago on Tuesday 29 April 2025 11:43:15 PM.
2025-04-29T23:52:52+0530 DDEBUG timer: sack setup: 1385 ms
2025-04-29T23:52:52+0530 DEBUG --> Starting dependency resolution
2025-04-29T23:52:52+0530 DEBUG ---> Package htop.x86_64 3.3.0-1.el9 will be installed
2025-04-29T23:52:52+0530 DEBUG ---> Package hwloc-libs.x86_64 2.4.1-5.el9 will be installed
2025-04-29T23:52:52+0530 DEBUG --> Finished dependency resolution
2025-04-29T23:52:52+0530 DDEBUG timer: depsolve: 77 ms
2025-04-29T23:52:52+0530 INFO Dependencies resolved.
2025-04-29T23:52:52+0530 INFO ================================================================================
 Package             Architecture    Version              Repository       Size
================================================================================
Installing:
 htop                x86_64          3.3.0-1.el9          epel            198 k
Installing dependencies:
 hwloc-libs          x86_64          2.4.1-5.el9          baseos          2.1 M

Transaction Summary
================================================================================
Install  2 Packages

2025-04-29T23:52:52+0530 INFO Total download size: 2.3 M
2025-04-29T23:52:52+0530 INFO Installed size: 3.5 M
2025-04-29T23:52:52+0530 INFO Downloading Packages:
2025-04-29T23:52:55+0530 INFO --------------------------------------------------------------------------------
2025-04-29T23:52:55+0530 INFO Total                                           824 kB/s | 2.3 MB     00:02     
2025-04-29T23:52:55+0530 DEBUG Using rpmkeys executable at /bin/rpmkeys to verify signatures
2025-04-29T23:52:55+0530 INFO Running transaction check
2025-04-29T23:52:55+0530 INFO Transaction check succeeded.
2025-04-29T23:52:55+0530 INFO Running transaction test
2025-04-29T23:52:55+0530 INFO Transaction test succeeded.
2025-04-29T23:52:55+0530 DDEBUG timer: transaction test: 319 ms
2025-04-29T23:52:55+0530 INFO Running transaction
2025-04-29T23:52:55+0530 DDEBUG RPM transaction start.
2025-04-29T23:52:57+0530 DDEBUG RPM transaction over.
2025-04-29T23:52:58+0530 DDEBUG timer: verify transaction: 930 ms
2025-04-29T23:52:58+0530 DDEBUG timer: transaction: 2282 ms
2025-04-29T23:52:58+0530 DEBUG Completion plugin: Generating completion cache...
2025-04-29T23:52:59+0530 DEBUG Installed: htop-3.3.0-1.el9.x86_64
2025-04-29T23:52:59+0530 DEBUG Installed: hwloc-libs-2.4.1-5.el9.x86_64
2025-04-29T23:52:59+0530 INFO Complete!
2025-04-29T23:52:59+0530 DDEBUG Cleaning up.
2025-04-29T23:52:59+0530 DDEBUG /var/cache/dnf/baseos-522ed8e2b2f761ff/packages/hwloc-libs-2.4.1-5.el9.x86_64.rpm removed
2025-04-29T23:52:59+0530 DDEBUG /var/cache/dnf/epel-646ae5c8e4626178/packages/htop-3.3.0-1.el9.x86_64.rpm removed
2025-04-29T23:52:59+0530 DDEBUG Plugins were unloaded.
2025-04-29T23:54:49+0530 INFO --- logging initialized ---
2025-04-29T23:54:49+0530 DDEBUG timer: config: 9 ms
2025-04-29T23:54:49+0530 DEBUG Loaded plugins: builddep, changelog, config-manager, copr, debug, debuginfo-install, download, generate_completion_cache, groups-manager, kpatch, needs-restarting, notify-packagekit, playground, repoclosure, repodiff, repograph, repomanage, reposync, system-upgrade
2025-04-29T23:54:49+0530 DEBUG DNF version: 4.14.0
2025-04-29T23:54:49+0530 DDEBUG Command: dnf install -y notexist 
2025-04-29T23:54:49+0530 DDEBUG Installroot: /
2025-04-29T23:54:49+0530 DDEBUG Releasever: 9
2025-04-29T23:54:49+0530 DEBUG cachedir: /var/cache/dnf
2025-04-29T23:54:49+0530 DDEBUG Base command: install
2025-04-29T23:54:49+0530 DDEBUG Extra commands: ['install', '-y', 'notexist']
2025-04-29T23:54:49+0530 DEBUG User-Agent: constructed: 'libdnf (Rocky Linux 9.5; generic; Linux.x86_64)'
2025-04-29T23:54:49+0530 DEBUG repo: using cache for: epel
2025-04-29T23:54:50+0530 DEBUG epel: using metadata from Sunday 27 April 2025 07:33:15 AM.
2025-04-29T23:54:50+0530 DEBUG repo: using cache for: epel-cisco-openh264
2025-04-29T23:54:50+0530 DEBUG epel-cisco-openh264: using metadata from Monday 22 May 2023 09:49:21 PM.
2025-04-29T23:54:50+0530 DEBUG repo: using cache for: remi-modular
2025-04-29T23:54:50+0530 DEBUG remi-modular: using metadata from Thursday 24 April 2025 12:36:58 PM.
2025-04-29T23:54:50+0530 DEBUG repo: using cache for: remi-safe
2025-04-29T23:54:50+0530 DEBUG remi-safe: using metadata from Thursday 24 April 2025 12:36:00 PM.
2025-04-29T23:54:50+0530 DEBUG repo: using cache for: baseos
2025-04-29T23:54:50+0530 DEBUG baseos: using metadata from Monday 28 April 2025 11:25:29 PM.
2025-04-29T23:54:50+0530 DEBUG repo: using cache for: appstream
2025-04-29T23:54:50+0530 DEBUG appstream: using metadata from Tuesday 29 April 2025 10:55:24 AM.
2025-04-29T23:54:50+0530 DEBUG repo: using cache for: extras
2025-04-29T23:54:50+0530 DEBUG extras: using metadata from Friday 28 March 2025 09:40:56 PM.
2025-04-29T23:54:50+0530 DEBUG repo: using cache for: warpdotdev
2025-04-29T23:54:50+0530 DEBUG warpdotdev: using metadata from Monday 28 April 2025 02:46:55 PM.
2025-04-29T23:54:50+0530 INFO Last metadata expiration check: 0:11:35 ago on Tuesday 29 April 2025 11:43:15 PM.
2025-04-29T23:54:50+0530 DDEBUG timer: sack setup: 1314 ms
2025-04-29T23:54:50+0530 INFO No match for argument: notexist
2025-04-29T23:54:50+0530 DDEBUG Cleaning up.
2025-04-29T23:54:50+0530 DDEBUG Plugins were unloaded.
2025-04-29T23:54:50+0530 SUBDEBUG 
Traceback (most recent call last):
  File "/usr/lib/python3.9/site-packages/dnf/cli/main.py", line 67, in main
    return _main(base, args, cli_class, option_parser_class)
  File "/usr/lib/python3.9/site-packages/dnf/cli/main.py", line 106, in _main
    return cli_run(cli, base)
  File "/usr/lib/python3.9/site-packages/dnf/cli/main.py", line 122, in cli_run
    cli.run()
  File "/usr/lib/python3.9/site-packages/dnf/cli/cli.py", line 1057, in run
    return self.command.run()
  File "/usr/lib/python3.9/site-packages/dnf/cli/commands/install.py", line 118, in run
    raise dnf.exceptions.PackagesNotAvailableError(_("Unable to find a match"),
dnf.exceptions.PackagesNotAvailableError: Unable to find a match: notexist
2025-04-29T23:54:50+0530 CRITICAL Error: Unable to find a match: notexist
2025-04-30T23:25:44+0530 INFO --- logging initialized ---
2025-04-30T23:25:44+0530 DDEBUG timer: config: 112 ms
2025-04-30T23:25:44+0530 DEBUG Loaded plugins: builddep, changelog, config-manager, copr, debug, debuginfo-install, download, generate_completion_cache, groups-manager, kpatch, needs-restarting, notify-packagekit, playground, repoclosure, repodiff, repograph, repomanage, reposync, system-upgrade
2025-04-30T23:25:44+0530 DEBUG DNF version: 4.14.0
2025-04-30T23:25:44+0530 DDEBUG Command: dnf makecache --timer 
2025-04-30T23:25:44+0530 DDEBUG Installroot: /
2025-04-30T23:25:44+0530 DDEBUG Releasever: 9
2025-04-30T23:25:44+0530 DEBUG cachedir: /var/cache/dnf
2025-04-30T23:25:44+0530 DDEBUG Base command: makecache
2025-04-30T23:25:44+0530 DDEBUG Extra commands: ['makecache', '--timer']
2025-04-30T23:25:44+0530 DEBUG Making cache files for all metadata files.
2025-04-30T23:25:44+0530 INFO Metadata timer caching disabled when running on metered connection.
2025-04-30T23:25:44+0530 DDEBUG Cleaning up.
2025-04-30T23:25:44+0530 DDEBUG Plugins were unloaded.
2025-05-01T00:16:08+0530 INFO --- logging initialized ---
2025-05-01T00:16:08+0530 DDEBUG timer: config: 58 ms
2025-05-01T00:16:09+0530 DEBUG Loaded plugins: builddep, changelog, config-manager, copr, debug, debuginfo-install, download, generate_completion_cache, groups-manager, kpatch, needs-restarting, notify-packagekit, playground, repoclosure, repodiff, repograph, repomanage, reposync, system-upgrade
2025-05-01T00:16:09+0530 DEBUG DNF version: 4.14.0
2025-05-01T00:16:09+0530 DDEBUG Command: dnf check-update 
2025-05-01T00:16:09+0530 DDEBUG Installroot: /
2025-05-01T00:16:09+0530 DDEBUG Releasever: 9
2025-05-01T00:16:09+0530 DEBUG cachedir: /var/cache/dnf
2025-05-01T00:16:09+0530 DDEBUG Base command: check-update
2025-05-01T00:16:09+0530 DDEBUG Extra commands: ['check-update']
2025-05-01T00:16:09+0530 DEBUG User-Agent: constructed: 'libdnf (Rocky Linux 9.5; generic; Linux.x86_64)'
2025-05-01T00:16:23+0530 DEBUG repo: using cache for: epel
2025-05-01T00:16:25+0530 DEBUG epel: using metadata from Sunday 27 April 2025 07:33:15 AM.
2025-05-01T00:16:25+0530 DEBUG repo: using cache for: epel-cisco-openh264
2025-05-01T00:16:25+0530 DEBUG epel-cisco-openh264: using metadata from Monday 22 May 2023 09:49:21 PM.
2025-05-01T00:16:25+0530 DEBUG repo: using cache for: remi-modular
2025-05-01T00:16:25+0530 DEBUG remi-modular: using metadata from Thursday 24 April 2025 12:36:58 PM.
2025-05-01T00:16:25+0530 DEBUG repo: using cache for: remi-safe
2025-05-01T00:16:25+0530 DEBUG remi-safe: using metadata from Thursday 24 April 2025 12:36:00 PM.
2025-05-01T00:16:25+0530 DEBUG countme: event triggered for baseos: bucket 4
2025-05-01T00:16:37+0530 DEBUG reviving: 'baseos' can be revived - repomd matches.
2025-05-01T00:16:38+0530 DEBUG baseos: using metadata from Monday 28 April 2025 11:25:29 PM.
2025-05-01T00:16:38+0530 DEBUG countme: no event for appstream: window already counted
2025-05-01T00:16:50+0530 DEBUG reviving: 'appstream' can be revived - repomd matches.
2025-05-01T00:16:50+0530 DEBUG appstream: using metadata from Tuesday 29 April 2025 10:55:24 AM.
2025-05-01T00:16:50+0530 DEBUG countme: event triggered for extras: bucket 4
2025-05-01T00:17:11+0530 DEBUG reviving: 'extras' can be revived - repomd matches.
2025-05-01T00:17:11+0530 DEBUG extras: using metadata from Friday 28 March 2025 09:40:56 PM.
2025-05-01T00:17:11+0530 DEBUG repo: using cache for: warpdotdev
2025-05-01T00:17:11+0530 DEBUG warpdotdev: using metadata from Monday 28 April 2025 02:46:55 PM.
2025-05-01T00:17:11+0530 DDEBUG timer: sack setup: 61971 ms
2025-05-01T00:17:11+0530 DDEBUG Cleaning up.
2025-05-01T00:17:11+0530 DDEBUG Plugins were unloaded.
2025-05-01T00:17:12+0530 INFO --- logging initialized ---
2025-05-01T00:17:12+0530 DDEBUG timer: config: 24 ms
2025-05-01T00:17:12+0530 DEBUG Loaded plugins: builddep, changelog, config-manager, copr, debug, debuginfo-install, download, generate_completion_cache, groups-manager, kpatch, needs-restarting, notify-packagekit, playground, repoclosure, repodiff, repograph, repomanage, reposync, system-upgrade
2025-05-01T00:17:12+0530 DEBUG DNF version: 4.14.0
2025-05-01T00:17:12+0530 DDEBUG Command: dnf upgrade --refresh 
2025-05-01T00:17:12+0530 DDEBUG Installroot: /
2025-05-01T00:17:12+0530 DDEBUG Releasever: 9
2025-05-01T00:17:12+0530 DEBUG cachedir: /var/cache/dnf
2025-05-01T00:17:12+0530 DDEBUG Base command: upgrade
2025-05-01T00:17:12+0530 DDEBUG Extra commands: ['upgrade', '--refresh']
2025-05-01T00:17:12+0530 DEBUG User-Agent: constructed: 'libdnf (Rocky Linux 9.5; generic; Linux.x86_64)'
2025-05-01T00:17:13+0530 DEBUG countme: no event for epel: budget to spend: 1
2025-05-01T00:17:19+0530 DEBUG reviving: failed for 'epel', mismatched sha256 sum.
2025-05-01T00:17:19+0530 DEBUG repo: downloading from remote: epel
2025-05-01T00:17:19+0530 DEBUG countme: event triggered for epel: bucket 3
2025-05-01T00:18:24+0530 DEBUG epel: using metadata from Wednesday 30 April 2025 07:49:14 AM.
2025-05-01T00:18:30+0530 DEBUG reviving: 'epel-cisco-openh264' can be revived - metalink checksums match.
2025-05-01T00:18:30+0530 DEBUG epel-cisco-openh264: using metadata from Monday 22 May 2023 09:49:21 PM.
2025-05-01T00:18:41+0530 DEBUG reviving: failed for 'remi-modular', mismatched repomd.
2025-05-01T00:18:41+0530 DEBUG repo: downloading from remote: remi-modular
2025-05-01T00:19:02+0530 DEBUG remi-modular: using metadata from Tuesday 29 April 2025 02:35:09 PM.
2025-05-01T00:19:16+0530 DEBUG reviving: failed for 'remi-safe', mismatched repomd.
2025-05-01T00:19:16+0530 DEBUG repo: downloading from remote: remi-safe
2025-05-01T00:19:37+0530 DEBUG remi-safe: using metadata from Tuesday 29 April 2025 02:34:11 PM.
2025-05-01T00:19:37+0530 DEBUG countme: no event for baseos: window already counted
2025-05-01T00:19:49+0530 DEBUG reviving: 'baseos' can be revived - repomd matches.
2025-05-01T00:19:49+0530 DEBUG baseos: using metadata from Monday 28 April 2025 11:25:29 PM.
2025-05-01T00:19:49+0530 DEBUG countme: no event for appstream: window already counted
2025-05-01T00:20:01+0530 DEBUG reviving: 'appstream' can be revived - repomd matches.
2025-05-01T00:20:01+0530 DEBUG appstream: using metadata from Tuesday 29 April 2025 10:55:24 AM.
2025-05-01T00:20:01+0530 DEBUG countme: no event for extras: window already counted
2025-05-01T00:20:17+0530 DEBUG reviving: 'extras' can be revived - repomd matches.
2025-05-01T00:20:17+0530 DEBUG extras: using metadata from Friday 28 March 2025 09:40:56 PM.
2025-05-01T00:20:23+0530 DEBUG reviving: failed for 'warpdotdev', mismatched repomd.
2025-05-01T00:20:23+0530 DEBUG repo: downloading from remote: warpdotdev
2025-05-01T00:20:35+0530 DEBUG warpdotdev: using metadata from Wednesday 30 April 2025 01:19:40 AM.
2025-05-01T00:20:37+0530 DDEBUG timer: sack setup: 205223 ms
2025-05-01T00:20:37+0530 DEBUG Completion plugin: Generating completion cache...
2025-05-01T00:20:39+0530 DEBUG --> Starting dependency resolution
2025-05-01T00:20:40+0530 DEBUG ---> Package glibc-langpack-en.x86_64 2.34-125.el9_5.3 will be upgraded
2025-05-01T00:20:40+0530 DEBUG ---> Package glibc-langpack-en.x86_64 2.34-125.el9_5.8 will be an upgrade
2025-05-01T00:20:40+0530 DEBUG ---> Package glibc-gconv-extra.x86_64 2.34-125.el9_5.3 will be upgraded
2025-05-01T00:20:40+0530 DEBUG ---> Package glibc-gconv-extra.x86_64 2.34-125.el9_5.8 will be an upgrade
2025-05-01T00:20:40+0530 DEBUG ---> Package glibc-common.x86_64 2.34-125.el9_5.3 will be upgraded
2025-05-01T00:20:40+0530 DEBUG ---> Package glibc-common.x86_64 2.34-125.el9_5.8 will be an upgrade
2025-05-01T00:20:40+0530 DEBUG ---> Package glibc-all-langpacks.x86_64 2.34-125.el9_5.3 will be upgraded
2025-05-01T00:20:40+0530 DEBUG ---> Package glibc-all-langpacks.x86_64 2.34-125.el9_5.8 will be an upgrade
2025-05-01T00:20:40+0530 DEBUG ---> Package glibc.x86_64 2.34-125.el9_5.3 will be upgraded
2025-05-01T00:20:40+0530 DEBUG ---> Package glibc.x86_64 2.34-125.el9_5.8 will be an upgrade
2025-05-01T00:20:40+0530 DEBUG ---> Package libxslt.x86_64 1.1.34-9.el9_5.2 will be upgraded
2025-05-01T00:20:40+0530 DEBUG ---> Package libxslt.x86_64 1.1.34-9.el9_5.3 will be an upgrade
2025-05-01T00:20:40+0530 DEBUG ---> Package glibc-headers.x86_64 2.34-125.el9_5.3 will be upgraded
2025-05-01T00:20:40+0530 DEBUG ---> Package glibc-headers.x86_64 2.34-125.el9_5.8 will be an upgrade
2025-05-01T00:20:40+0530 DEBUG ---> Package glibc-devel.x86_64 2.34-125.el9_5.3 will be upgraded
2025-05-01T00:20:40+0530 DEBUG ---> Package glibc-devel.x86_64 2.34-125.el9_5.8 will be an upgrade
2025-05-01T00:20:40+0530 DEBUG --> Finished dependency resolution
2025-05-01T00:20:40+0530 DDEBUG timer: depsolve: 673 ms
2025-05-01T00:20:40+0530 INFO Dependencies resolved.
2025-05-01T00:20:40+0530 INFO ============================================================================================================================================================
 Package                                    Architecture                  Version                                    Repository                        Size
============================================================================================================================================================
Upgrading:
 [1m[32mglibc                                     (B[m x86_64                        2.34-125.el9_5.8                           baseos                           1.9 M
 [1m[32mglibc-all-langpacks                       (B[m x86_64                        2.34-125.el9_5.8                           baseos                            18 M
 [1m[32mglibc-common                              (B[m x86_64                        2.34-125.el9_5.8                           baseos                           290 k
 [1m[32mglibc-devel                               (B[m x86_64                        2.34-125.el9_5.8                           appstream                         25 k
 [1m[32mglibc-gconv-extra                         (B[m x86_64                        2.34-125.el9_5.8                           baseos                           1.6 M
 [1m[32mglibc-headers                             (B[m x86_64                        2.34-125.el9_5.8                           appstream                        429 k
 [1m[32mglibc-langpack-en                         (B[m x86_64                        2.34-125.el9_5.8                           baseos                           546 k
 [1m[32mlibxslt                                   (B[m x86_64                        1.1.34-9.el9_5.3                           appstream                        239 k

Transaction Summary
============================================================================================================================================================
Upgrade  8 Packages

2025-05-01T00:20:40+0530 INFO Total download size: 23 M
2025-05-01T00:20:47+0530 ERROR Operation aborted.
2025-05-01T00:20:47+0530 DDEBUG Cleaning up.
2025-05-01T00:20:47+0530 DDEBUG Plugins were unloaded.
2025-05-01T00:30:22+0530 INFO --- logging initialized ---
2025-05-01T00:30:22+0530 DDEBUG timer: config: 27 ms
2025-05-01T00:30:22+0530 DEBUG Loaded plugins: builddep, changelog, config-manager, copr, debug, debuginfo-install, download, generate_completion_cache, groups-manager, kpatch, needs-restarting, notify-packagekit, playground, repoclosure, repodiff, repograph, repomanage, reposync, system-upgrade
2025-05-01T00:30:22+0530 DEBUG DNF version: 4.14.0
2025-05-01T00:30:22+0530 DDEBUG Command: dnf check-update 
2025-05-01T00:30:22+0530 DDEBUG Installroot: /
2025-05-01T00:30:22+0530 DDEBUG Releasever: 9
2025-05-01T00:30:22+0530 DEBUG cachedir: /var/cache/dnf
2025-05-01T00:30:22+0530 DDEBUG Base command: check-update
2025-05-01T00:30:22+0530 DDEBUG Extra commands: ['check-update']
2025-05-01T00:30:22+0530 DEBUG User-Agent: constructed: 'libdnf (Rocky Linux 9.5; generic; Linux.x86_64)'
2025-05-01T00:30:25+0530 DEBUG repo: using cache for: epel
2025-05-01T00:30:27+0530 DEBUG epel: using metadata from Wednesday 30 April 2025 07:49:14 AM.
2025-05-01T00:30:27+0530 DEBUG repo: using cache for: epel-cisco-openh264
2025-05-01T00:30:27+0530 DEBUG epel-cisco-openh264: using metadata from Monday 22 May 2023 09:49:21 PM.
2025-05-01T00:30:27+0530 DEBUG repo: using cache for: remi-modular
2025-05-01T00:30:27+0530 DEBUG remi-modular: using metadata from Tuesday 29 April 2025 02:35:09 PM.
2025-05-01T00:30:27+0530 DEBUG repo: using cache for: remi-safe
2025-05-01T00:30:27+0530 DEBUG remi-safe: using metadata from Tuesday 29 April 2025 02:34:11 PM.
2025-05-01T00:30:27+0530 DEBUG repo: using cache for: baseos
2025-05-01T00:30:27+0530 DEBUG baseos: using metadata from Monday 28 April 2025 11:25:29 PM.
2025-05-01T00:30:27+0530 DEBUG repo: using cache for: appstream
2025-05-01T00:30:27+0530 DEBUG appstream: using metadata from Tuesday 29 April 2025 10:55:24 AM.
2025-05-01T00:30:27+0530 DEBUG repo: using cache for: extras
2025-05-01T00:30:27+0530 DEBUG extras: using metadata from Friday 28 March 2025 09:40:56 PM.
2025-05-01T00:30:27+0530 DEBUG repo: using cache for: warpdotdev
2025-05-01T00:30:27+0530 DEBUG warpdotdev: using metadata from Wednesday 30 April 2025 01:19:40 AM.
2025-05-01T00:30:27+0530 INFO Last metadata expiration check: 0:09:53 ago on Thursday 01 May 2025 12:20:34 AM.
2025-05-01T00:30:28+0530 DDEBUG timer: sack setup: 5853 ms
2025-05-01T00:30:28+0530 DDEBUG Cleaning up.
2025-05-01T00:30:28+0530 DDEBUG Plugins were unloaded.
2025-05-01T00:30:29+0530 INFO --- logging initialized ---
2025-05-01T00:30:29+0530 DDEBUG timer: config: 11 ms
2025-05-01T00:30:29+0530 DEBUG Loaded plugins: builddep, changelog, config-manager, copr, debug, debuginfo-install, download, generate_completion_cache, groups-manager, kpatch, needs-restarting, notify-packagekit, playground, repoclosure, repodiff, repograph, repomanage, reposync, system-upgrade
2025-05-01T00:30:29+0530 DEBUG DNF version: 4.14.0
2025-05-01T00:30:29+0530 DDEBUG Command: dnf upgrade --refresh 
2025-05-01T00:30:29+0530 DDEBUG Installroot: /
2025-05-01T00:30:29+0530 DDEBUG Releasever: 9
2025-05-01T00:30:29+0530 DEBUG cachedir: /var/cache/dnf
2025-05-01T00:30:29+0530 DDEBUG Base command: upgrade
2025-05-01T00:30:29+0530 DDEBUG Extra commands: ['upgrade', '--refresh']
2025-05-01T00:30:29+0530 DEBUG User-Agent: constructed: 'libdnf (Rocky Linux 9.5; generic; Linux.x86_64)'
2025-05-01T00:30:29+0530 DEBUG countme: no event for epel: window already counted
2025-05-01T00:30:36+0530 DEBUG reviving: 'epel' can be revived - metalink checksums match.
2025-05-01T00:30:36+0530 DEBUG epel: using metadata from Wednesday 30 April 2025 07:49:14 AM.
2025-05-01T00:30:43+0530 DEBUG reviving: 'epel-cisco-openh264' can be revived - metalink checksums match.
2025-05-01T00:30:43+0530 DEBUG epel-cisco-openh264: using metadata from Monday 22 May 2023 09:49:21 PM.
2025-05-01T00:30:55+0530 DEBUG reviving: 'remi-modular' can be revived - repomd matches.
2025-05-01T00:30:55+0530 DEBUG remi-modular: using metadata from Tuesday 29 April 2025 02:35:09 PM.
2025-05-01T00:31:22+0530 DEBUG reviving: 'remi-safe' can be revived - repomd matches.
2025-05-01T00:31:22+0530 DEBUG remi-safe: using metadata from Tuesday 29 April 2025 02:34:11 PM.
2025-05-01T00:31:22+0530 DEBUG countme: no event for baseos: window already counted
2025-05-01T00:31:34+0530 DEBUG reviving: 'baseos' can be revived - repomd matches.
2025-05-01T00:31:34+0530 DEBUG baseos: using metadata from Monday 28 April 2025 11:25:29 PM.
2025-05-01T00:31:34+0530 DEBUG countme: no event for appstream: window already counted
2025-05-01T00:31:46+0530 DEBUG reviving: 'appstream' can be revived - repomd matches.
2025-05-01T00:31:46+0530 DEBUG appstream: using metadata from Tuesday 29 April 2025 10:55:24 AM.
2025-05-01T00:31:47+0530 DEBUG countme: no event for extras: window already counted
2025-05-01T00:31:58+0530 DEBUG reviving: 'extras' can be revived - repomd matches.
2025-05-01T00:31:58+0530 DEBUG extras: using metadata from Friday 28 March 2025 09:40:56 PM.
2025-05-01T00:32:04+0530 DEBUG reviving: 'warpdotdev' can be revived - repomd matches.
2025-05-01T00:32:04+0530 DEBUG warpdotdev: using metadata from Wednesday 30 April 2025 01:19:40 AM.
2025-05-01T00:32:05+0530 DDEBUG timer: sack setup: 95944 ms
2025-05-01T00:32:05+0530 DEBUG --> Starting dependency resolution
2025-05-01T00:32:05+0530 DEBUG ---> Package glibc-langpack-en.x86_64 2.34-125.el9_5.3 will be upgraded
2025-05-01T00:32:05+0530 DEBUG ---> Package glibc-langpack-en.x86_64 2.34-125.el9_5.8 will be an upgrade
2025-05-01T00:32:05+0530 DEBUG ---> Package glibc-gconv-extra.x86_64 2.34-125.el9_5.3 will be upgraded
2025-05-01T00:32:05+0530 DEBUG ---> Package glibc-gconv-extra.x86_64 2.34-125.el9_5.8 will be an upgrade
2025-05-01T00:32:05+0530 DEBUG ---> Package glibc-common.x86_64 2.34-125.el9_5.3 will be upgraded
2025-05-01T00:32:05+0530 DEBUG ---> Package glibc-common.x86_64 2.34-125.el9_5.8 will be an upgrade
2025-05-01T00:32:05+0530 DEBUG ---> Package glibc-all-langpacks.x86_64 2.34-125.el9_5.3 will be upgraded
2025-05-01T00:32:05+0530 DEBUG ---> Package glibc-all-langpacks.x86_64 2.34-125.el9_5.8 will be an upgrade
2025-05-01T00:32:05+0530 DEBUG ---> Package glibc.x86_64 2.34-125.el9_5.3 will be upgraded
2025-05-01T00:32:05+0530 DEBUG ---> Package glibc.x86_64 2.34-125.el9_5.8 will be an upgrade
2025-05-01T00:32:05+0530 DEBUG ---> Package libxslt.x86_64 1.1.34-9.el9_5.2 will be upgraded
2025-05-01T00:32:05+0530 DEBUG ---> Package libxslt.x86_64 1.1.34-9.el9_5.3 will be an upgrade
2025-05-01T00:32:05+0530 DEBUG ---> Package glibc-headers.x86_64 2.34-125.el9_5.3 will be upgraded
2025-05-01T00:32:05+0530 DEBUG ---> Package glibc-headers.x86_64 2.34-125.el9_5.8 will be an upgrade
2025-05-01T00:32:05+0530 DEBUG ---> Package glibc-devel.x86_64 2.34-125.el9_5.3 will be upgraded
2025-05-01T00:32:05+0530 DEBUG ---> Package glibc-devel.x86_64 2.34-125.el9_5.8 will be an upgrade
2025-05-01T00:32:05+0530 DEBUG --> Finished dependency resolution
2025-05-01T00:32:05+0530 DDEBUG timer: depsolve: 164 ms
2025-05-01T00:32:05+0530 INFO Dependencies resolved.
2025-05-01T00:32:05+0530 INFO ============================================================================================================================================================
 Package                                    Architecture                  Version                                    Repository                        Size
============================================================================================================================================================
Upgrading:
 [1m[32mglibc                                     (B[m x86_64                        2.34-125.el9_5.8                           baseos                           1.9 M
 [1m[32mglibc-all-langpacks                       (B[m x86_64                        2.34-125.el9_5.8                           baseos                            18 M
 [1m[32mglibc-common                              (B[m x86_64                        2.34-125.el9_5.8                           baseos                           290 k
 [1m[32mglibc-devel                               (B[m x86_64                        2.34-125.el9_5.8                           appstream                         25 k
 [1m[32mglibc-gconv-extra                         (B[m x86_64                        2.34-125.el9_5.8                           baseos                           1.6 M
 [1m[32mglibc-headers                             (B[m x86_64                        2.34-125.el9_5.8                           appstream                        429 k
 [1m[32mglibc-langpack-en                         (B[m x86_64                        2.34-125.el9_5.8                           baseos                           546 k
 [1m[32mlibxslt                                   (B[m x86_64                        1.1.34-9.el9_5.3                           appstream                        239 k

Transaction Summary
============================================================================================================================================================
Upgrade  8 Packages

2025-05-01T00:32:05+0530 INFO Total download size: 23 M
2025-05-01T12:04:07+0530 INFO --- logging initialized ---
2025-05-01T12:04:07+0530 DDEBUG timer: config: 35 ms
2025-05-01T12:04:08+0530 DEBUG Loaded plugins: builddep, changelog, config-manager, copr, debug, debuginfo-install, download, generate_completion_cache, groups-manager, kpatch, needs-restarting, notify-packagekit, playground, repoclosure, repodiff, repograph, repomanage, reposync, system-upgrade
2025-05-01T12:04:08+0530 DEBUG DNF version: 4.14.0
2025-05-01T12:04:08+0530 DDEBUG Command: dnf makecache --timer 
2025-05-01T12:04:08+0530 DDEBUG Installroot: /
2025-05-01T12:04:08+0530 DDEBUG Releasever: 9
2025-05-01T12:04:08+0530 DEBUG cachedir: /var/cache/dnf
2025-05-01T12:04:08+0530 DDEBUG Base command: makecache
2025-05-01T12:04:08+0530 DDEBUG Extra commands: ['makecache', '--timer']
2025-05-01T12:04:08+0530 DEBUG Making cache files for all metadata files.
2025-05-01T12:04:08+0530 INFO Metadata timer caching disabled when running on metered connection.
2025-05-01T12:04:08+0530 DDEBUG Cleaning up.
2025-05-01T12:04:08+0530 DDEBUG Plugins were unloaded.
